Command line invocation:
    /Applications/Xcode.app/Contents/Developer/usr/bin/xcodebuild -scheme scrobble -destination platform=macOS

Resolve Package Graph


Resolved source packages:
  MediaRemoteAdapter: https://github.com/ejbills/mediaremote-adapter.git @ master (3529aa2)

2025-12-08 15:39:45.761 xcodebuild[77617:56513072] [MT] IDERunDestination: Supported platforms for the buildables in the current scheme is empty.
--- xcodebuild: WARNING: Using the first of multiple matching destinations:
{ platform:macOS, arch:arm64, id:00006001-000031A83C02801E, name:My Mac }
{ platform:macOS, arch:x86_64, id:00006001-000031A83C02801E, name:My Mac }
ComputePackagePrebuildTargetDependencyGraph

Prepare packages

CreateBuildRequest

SendProjectDescription

CreateBuildOperation

ComputeTargetDependencyGraph
note: Building targets in dependency order
note: Target dependency graph (5 targets)
    Target 'scrobble' in project 'scrobble'
        ➜ Explicit dependency on target 'MediaRemoteAdapter' in project 'MediaRemoteAdapter'
    Target 'MediaRemoteAdapter' in project 'MediaRemoteAdapter'
        ➜ Explicit dependency on target 'MediaRemoteAdapter' in project 'MediaRemoteAdapter'
        ➜ Explicit dependency on target 'MediaRemoteAdapter_MediaRemoteAdapter' in project 'MediaRemoteAdapter'
        ➜ Explicit dependency on target 'CIMediaRemote' in project 'MediaRemoteAdapter'
    Target 'MediaRemoteAdapter' in project 'MediaRemoteAdapter'
        ➜ Explicit dependency on target 'MediaRemoteAdapter_MediaRemoteAdapter' in project 'MediaRemoteAdapter'
        ➜ Explicit dependency on target 'CIMediaRemote' in project 'MediaRemoteAdapter'
    Target 'CIMediaRemote' in project 'MediaRemoteAdapter' (no dependencies)
    Target 'MediaRemoteAdapter_MediaRemoteAdapter' in project 'MediaRemoteAdapter' (no dependencies)

GatherProvisioningInputs

CreateBuildDescription

ExecuteExternalTool /Applications/Xcode.app/Contents/Developer/Toolchains/XcodeDefault.xctoolchain/usr/bin/clang -v -E -dM -arch arm64 -isysroot /Applications/Xcode.app/Contents/Developer/Platforms/MacOSX.platform/Developer/SDKs/MacOSX26.0.sdk -x objective-c -c /dev/null

ExecuteExternalTool /Applications/Xcode.app/Contents/Developer/Toolchains/XcodeDefault.xctoolchain/usr/bin/clang -v -E -dM -isysroot /Applications/Xcode.app/Contents/Developer/Platforms/MacOSX.platform/Developer/SDKs/MacOSX26.0.sdk -x c -c /dev/null

ExecuteExternalTool /Applications/Xcode.app/Contents/Developer/Toolchains/XcodeDefault.xctoolchain/usr/bin/swiftc --version

ExecuteExternalTool /Applications/Xcode.app/Contents/Developer/Toolchains/XcodeDefault.xctoolchain/usr/bin/ld -version_details

ExecuteExternalTool /Applications/Xcode.app/Contents/Developer/Toolchains/XcodeDefault.xctoolchain/usr/bin/clang -v -E -dM -arch arm64 -isysroot /Applications/Xcode.app/Contents/Developer/Platforms/MacOSX.platform/Developer/SDKs/MacOSX26.0.sdk -x c -c /dev/null

ExecuteExternalTool /Applications/Xcode.app/Contents/Developer/usr/bin/actool --version --output-format xml1

Build description signature: 7b7cc85b536dc25e8b854c9aaa81b981
Build description path: /Users/brettwork/Library/Developer/Xcode/DerivedData/scrobble-bcbntrrytmmdgpgbmufiukgslqyq/Build/Intermediates.noindex/XCBuildData/7b7cc85b536dc25e8b854c9aaa81b981.xcbuilddata
ClangStatCache /Applications/Xcode.app/Contents/Developer/Toolchains/XcodeDefault.xctoolchain/usr/bin/clang-stat-cache /Applications/Xcode.app/Contents/Developer/Platforms/MacOSX.platform/Developer/SDKs/MacOSX26.0.sdk /Users/brettwork/Library/Developer/Xcode/DerivedData/SDKStatCaches.noindex/macosx26.0-25A352-3885c01c3e6b6a337905948deab2002e28806144b0707e398aac92880fa50324.sdkstatcache
    cd /Users/brettwork/Developer/xcode/scrobble/scrobble.xcodeproj
    /Applications/Xcode.app/Contents/Developer/Toolchains/XcodeDefault.xctoolchain/usr/bin/clang-stat-cache /Applications/Xcode.app/Contents/Developer/Platforms/MacOSX.platform/Developer/SDKs/MacOSX26.0.sdk -o /Users/brettwork/Library/Developer/Xcode/DerivedData/SDKStatCaches.noindex/macosx26.0-25A352-3885c01c3e6b6a337905948deab2002e28806144b0707e398aac92880fa50324.sdkstatcache

ProcessInfoPlistFile /Users/brettwork/Library/Developer/Xcode/DerivedData/scrobble-bcbntrrytmmdgpgbmufiukgslqyq/Build/Products/Debug/MediaRemoteAdapter_MediaRemoteAdapter.bundle/Contents/Info.plist /Users/brettwork/Library/Developer/Xcode/DerivedData/scrobble-bcbntrrytmmdgpgbmufiukgslqyq/Build/Intermediates.noindex/MediaRemoteAdapter.build/Debug/MediaRemoteAdapter_MediaRemoteAdapter.build/empty-MediaRemoteAdapter_MediaRemoteAdapter.plist (in target 'MediaRemoteAdapter_MediaRemoteAdapter' from project 'MediaRemoteAdapter')
    cd /Users/brettwork/Library/Developer/Xcode/DerivedData/scrobble-bcbntrrytmmdgpgbmufiukgslqyq/SourcePackages/checkouts/mediaremote-adapter
    builtin-infoPlistUtility /Users/brettwork/Library/Developer/Xcode/DerivedData/scrobble-bcbntrrytmmdgpgbmufiukgslqyq/Build/Intermediates.noindex/MediaRemoteAdapter.build/Debug/MediaRemoteAdapter_MediaRemoteAdapter.build/empty-MediaRemoteAdapter_MediaRemoteAdapter.plist -producttype com.apple.product-type.bundle -expandbuildsettings -platform macosx -o /Users/brettwork/Library/Developer/Xcode/DerivedData/scrobble-bcbntrrytmmdgpgbmufiukgslqyq/Build/Products/Debug/MediaRemoteAdapter_MediaRemoteAdapter.bundle/Contents/Info.plist

ProcessProductPackaging /Users/brettwork/Developer/xcode/scrobble/scrobble/scrobble.entitlements /Users/brettwork/Library/Developer/Xcode/DerivedData/scrobble-bcbntrrytmmdgpgbmufiukgslqyq/Build/Intermediates.noindex/scrobble.build/Debug/scrobble.build/scrobble.app.xcent (in target 'scrobble' from project 'scrobble')
    cd /Users/brettwork/Developer/xcode/scrobble
    
    Entitlements:
    
    {
    "com.apple.security.automation.apple-events" = 1;
    "com.apple.security.cs.allow-dyld-environment-variables" = 1;
    "com.apple.security.cs.disable-library-validation" = 1;
    "com.apple.security.get-task-allow" = 1;
    "com.apple.security.temporary-exception.apple-events" =     (
        "com.apple.Music"
    );
    "com.apple.security.temporary-exception.mach-lookup.global-name" =     (
        "com.apple.nesessionmanager.content-filter"
    );
    "com.apple.security.temporary-exception.shared-preference.read-only" =     (
        "com.apple.networkd"
    );
}
    
    builtin-productPackagingUtility /Users/brettwork/Developer/xcode/scrobble/scrobble/scrobble.entitlements -entitlements -format xml -o /Users/brettwork/Library/Developer/Xcode/DerivedData/scrobble-bcbntrrytmmdgpgbmufiukgslqyq/Build/Intermediates.noindex/scrobble.build/Debug/scrobble.build/scrobble.app.xcent

ProcessProductPackagingDER /Users/brettwork/Library/Developer/Xcode/DerivedData/scrobble-bcbntrrytmmdgpgbmufiukgslqyq/Build/Intermediates.noindex/scrobble.build/Debug/scrobble.build/scrobble.app.xcent /Users/brettwork/Library/Developer/Xcode/DerivedData/scrobble-bcbntrrytmmdgpgbmufiukgslqyq/Build/Intermediates.noindex/scrobble.build/Debug/scrobble.build/scrobble.app.xcent.der (in target 'scrobble' from project 'scrobble')
    cd /Users/brettwork/Developer/xcode/scrobble
    /usr/bin/derq query -f xml -i /Users/brettwork/Library/Developer/Xcode/DerivedData/scrobble-bcbntrrytmmdgpgbmufiukgslqyq/Build/Intermediates.noindex/scrobble.build/Debug/scrobble.build/scrobble.app.xcent -o /Users/brettwork/Library/Developer/Xcode/DerivedData/scrobble-bcbntrrytmmdgpgbmufiukgslqyq/Build/Intermediates.noindex/scrobble.build/Debug/scrobble.build/scrobble.app.xcent.der --raw

SwiftDriver scrobble normal arm64 com.apple.xcode.tools.swift.compiler (in target 'scrobble' from project 'scrobble')
    cd /Users/brettwork/Developer/xcode/scrobble
    builtin-SwiftDriver -- /Applications/Xcode.app/Contents/Developer/Toolchains/XcodeDefault.xctoolchain/usr/bin/swiftc -module-name scrobble -Onone -enforce-exclusivity\=checked @/Users/brettwork/Library/Developer/Xcode/DerivedData/scrobble-bcbntrrytmmdgpgbmufiukgslqyq/Build/Intermediates.noindex/scrobble.build/Debug/scrobble.build/Objects-normal/arm64/scrobble.SwiftFileList -DDEBUG -Xcc -fmodule-map-file\=/Users/brettwork/Library/Developer/Xcode/DerivedData/scrobble-bcbntrrytmmdgpgbmufiukgslqyq/Build/Intermediates.noindex/GeneratedModuleMaps/CIMediaRemote.modulemap -enable-bare-slash-regex -enable-experimental-feature DebugDescriptionMacro -sdk /Applications/Xcode.app/Contents/Developer/Platforms/MacOSX.platform/Developer/SDKs/MacOSX26.0.sdk -target arm64-apple-macos26.0 -g -module-cache-path /Users/brettwork/Library/Developer/Xcode/DerivedData/ModuleCache.noindex -Xfrontend -serialize-debugging-options -enable-testing -index-store-path /Users/brettwork/Library/Developer/Xcode/DerivedData/scrobble-bcbntrrytmmdgpgbmufiukgslqyq/Index.noindex/DataStore -Xcc -D_LIBCPP_HARDENING_MODE\=_LIBCPP_HARDENING_MODE_DEBUG -swift-version 5 -I /Users/brettwork/Library/Developer/Xcode/DerivedData/scrobble-bcbntrrytmmdgpgbmufiukgslqyq/Build/Products/Debug -F /Users/brettwork/Library/Developer/Xcode/DerivedData/scrobble-bcbntrrytmmdgpgbmufiukgslqyq/Build/Products/Debug/PackageFrameworks -F /Users/brettwork/Library/Developer/Xcode/DerivedData/scrobble-bcbntrrytmmdgpgbmufiukgslqyq/Build/Products/Debug/PackageFrameworks -F /Users/brettwork/Library/Developer/Xcode/DerivedData/scrobble-bcbntrrytmmdgpgbmufiukgslqyq/Build/Products/Debug -emit-localized-strings -emit-localized-strings-path /Users/brettwork/Library/Developer/Xcode/DerivedData/scrobble-bcbntrrytmmdgpgbmufiukgslqyq/Build/Intermediates.noindex/scrobble.build/Debug/scrobble.build/Objects-normal/arm64 -c -j10 -enable-batch-mode -incremental -Xcc -ivfsstatcache -Xcc /Users/brettwork/Library/Developer/Xcode/DerivedData/SDKStatCaches.noindex/macosx26.0-25A352-3885c01c3e6b6a337905948deab2002e28806144b0707e398aac92880fa50324.sdkstatcache -output-file-map /Users/brettwork/Library/Developer/Xcode/DerivedData/scrobble-bcbntrrytmmdgpgbmufiukgslqyq/Build/Intermediates.noindex/scrobble.build/Debug/scrobble.build/Objects-normal/arm64/scrobble-OutputFileMap.json -use-frontend-parseable-output -save-temps -no-color-diagnostics -explicit-module-build -module-cache-path /Users/brettwork/Library/Developer/Xcode/DerivedData/scrobble-bcbntrrytmmdgpgbmufiukgslqyq/Build/Intermediates.noindex/SwiftExplicitPrecompiledModules -clang-scanner-module-cache-path /Users/brettwork/Library/Developer/Xcode/DerivedData/ModuleCache.noindex -sdk-module-cache-path /Users/brettwork/Library/Developer/Xcode/DerivedData/ModuleCache.noindex -serialize-diagnostics -emit-dependencies -emit-module -emit-module-path /Users/brettwork/Library/Developer/Xcode/DerivedData/scrobble-bcbntrrytmmdgpgbmufiukgslqyq/Build/Intermediates.noindex/scrobble.build/Debug/scrobble.build/Objects-normal/arm64/scrobble.swiftmodule -validate-clang-modules-once -clang-build-session-file /Users/brettwork/Library/Developer/Xcode/DerivedData/ModuleCache.noindex/Session.modulevalidation -Xcc -I/Users/brettwork/Library/Developer/Xcode/DerivedData/scrobble-bcbntrrytmmdgpgbmufiukgslqyq/Build/Intermediates.noindex/scrobble.build/Debug/scrobble.build/swift-overrides.hmap -emit-const-values -Xfrontend -const-gather-protocols-file -Xfrontend /Users/brettwork/Library/Developer/Xcode/DerivedData/scrobble-bcbntrrytmmdgpgbmufiukgslqyq/Build/Intermediates.noindex/scrobble.build/Debug/scrobble.build/Objects-normal/arm64/scrobble_const_extract_protocols.json -Xcc -iquote -Xcc /Users/brettwork/Library/Developer/Xcode/DerivedData/scrobble-bcbntrrytmmdgpgbmufiukgslqyq/Build/Intermediates.noindex/scrobble.build/Debug/scrobble.build/scrobble-generated-files.hmap -Xcc -I/Users/brettwork/Library/Developer/Xcode/DerivedData/scrobble-bcbntrrytmmdgpgbmufiukgslqyq/Build/Intermediates.noindex/scrobble.build/Debug/scrobble.build/scrobble-own-target-headers.hmap -Xcc -I/Users/brettwork/Library/Developer/Xcode/DerivedData/scrobble-bcbntrrytmmdgpgbmufiukgslqyq/Build/Intermediates.noindex/scrobble.build/Debug/scrobble.build/scrobble-all-non-framework-target-headers.hmap -Xcc -ivfsoverlay -Xcc /Users/brettwork/Library/Developer/Xcode/DerivedData/scrobble-bcbntrrytmmdgpgbmufiukgslqyq/Build/Intermediates.noindex/scrobble.build/Debug/scrobble-1d4b95fa5a270c7d04268178ca717018-VFS/all-product-headers.yaml -Xcc -iquote -Xcc /Users/brettwork/Library/Developer/Xcode/DerivedData/scrobble-bcbntrrytmmdgpgbmufiukgslqyq/Build/Intermediates.noindex/scrobble.build/Debug/scrobble.build/scrobble-project-headers.hmap -Xcc -I/Users/brettwork/Library/Developer/Xcode/DerivedData/scrobble-bcbntrrytmmdgpgbmufiukgslqyq/SourcePackages/checkouts/mediaremote-adapter/Sources/CIMediaRemote/include -Xcc -I/Users/brettwork/Library/Developer/Xcode/DerivedData/scrobble-bcbntrrytmmdgpgbmufiukgslqyq/Build/Products/Debug/include -Xcc -I/Users/brettwork/Library/Developer/Xcode/DerivedData/scrobble-bcbntrrytmmdgpgbmufiukgslqyq/Build/Intermediates.noindex/scrobble.build/Debug/scrobble.build/DerivedSources-normal/arm64 -Xcc -I/Users/brettwork/Library/Developer/Xcode/DerivedData/scrobble-bcbntrrytmmdgpgbmufiukgslqyq/Build/Intermediates.noindex/scrobble.build/Debug/scrobble.build/DerivedSources/arm64 -Xcc -I/Users/brettwork/Library/Developer/Xcode/DerivedData/scrobble-bcbntrrytmmdgpgbmufiukgslqyq/Build/Intermediates.noindex/scrobble.build/Debug/scrobble.build/DerivedSources -Xcc -DDEBUG\=1 -emit-objc-header -emit-objc-header-path /Users/brettwork/Library/Developer/Xcode/DerivedData/scrobble-bcbntrrytmmdgpgbmufiukgslqyq/Build/Intermediates.noindex/scrobble.build/Debug/scrobble.build/Objects-normal/arm64/scrobble-Swift.h -import-objc-header /Users/brettwork/Developer/xcode/scrobble/scrobble/scrobble-Bridging-Header.h -working-directory /Users/brettwork/Developer/xcode/scrobble -experimental-emit-module-separately -disable-cmo

ProcessInfoPlistFile /Users/brettwork/Library/Developer/Xcode/DerivedData/scrobble-bcbntrrytmmdgpgbmufiukgslqyq/Build/Products/Debug/PackageFrameworks/MediaRemoteAdapter.framework/Versions/A/Resources/Info.plist /Users/brettwork/Library/Developer/Xcode/DerivedData/scrobble-bcbntrrytmmdgpgbmufiukgslqyq/Build/Intermediates.noindex/MediaRemoteAdapter.build/Debug/MediaRemoteAdapter\ product.build/empty-MediaRemoteAdapter.plist (in target 'MediaRemoteAdapter' from project 'MediaRemoteAdapter')
    cd /Users/brettwork/Library/Developer/Xcode/DerivedData/scrobble-bcbntrrytmmdgpgbmufiukgslqyq/SourcePackages/checkouts/mediaremote-adapter
    builtin-infoPlistUtility /Users/brettwork/Library/Developer/Xcode/DerivedData/scrobble-bcbntrrytmmdgpgbmufiukgslqyq/Build/Intermediates.noindex/MediaRemoteAdapter.build/Debug/MediaRemoteAdapter\ product.build/empty-MediaRemoteAdapter.plist -producttype com.apple.product-type.framework -expandbuildsettings -platform macosx -o /Users/brettwork/Library/Developer/Xcode/DerivedData/scrobble-bcbntrrytmmdgpgbmufiukgslqyq/Build/Products/Debug/PackageFrameworks/MediaRemoteAdapter.framework/Versions/A/Resources/Info.plist

Ld /Users/brettwork/Library/Developer/Xcode/DerivedData/scrobble-bcbntrrytmmdgpgbmufiukgslqyq/Build/Products/Debug/PackageFrameworks/MediaRemoteAdapter.framework/Versions/A/MediaRemoteAdapter normal (in target 'MediaRemoteAdapter' from project 'MediaRemoteAdapter')
    cd /Users/brettwork/Library/Developer/Xcode/DerivedData/scrobble-bcbntrrytmmdgpgbmufiukgslqyq/SourcePackages/checkouts/mediaremote-adapter
    /Applications/Xcode.app/Contents/Developer/Toolchains/XcodeDefault.xctoolchain/usr/bin/clang -Xlinker -reproducible -target arm64-apple-macos10.15 -dynamiclib -isysroot /Applications/Xcode.app/Contents/Developer/Platforms/MacOSX.platform/Developer/SDKs/MacOSX26.0.sdk -O0 -w -L/Users/brettwork/Library/Developer/Xcode/DerivedData/scrobble-bcbntrrytmmdgpgbmufiukgslqyq/Build/Intermediates.noindex/EagerLinkingTBDs/Debug -L/Users/brettwork/Library/Developer/Xcode/DerivedData/scrobble-bcbntrrytmmdgpgbmufiukgslqyq/Build/Products/Debug -L/Applications/Xcode.app/Contents/Developer/Platforms/MacOSX.platform/Developer/usr/lib -F/Users/brettwork/Library/Developer/Xcode/DerivedData/scrobble-bcbntrrytmmdgpgbmufiukgslqyq/Build/Intermediates.noindex/EagerLinkingTBDs/Debug -F/Users/brettwork/Library/Developer/Xcode/DerivedData/scrobble-bcbntrrytmmdgpgbmufiukgslqyq/Build/Products/Debug/PackageFrameworks -F/Users/brettwork/Library/Developer/Xcode/DerivedData/scrobble-bcbntrrytmmdgpgbmufiukgslqyq/Build/Products/Debug/PackageFrameworks -F/Users/brettwork/Library/Developer/Xcode/DerivedData/scrobble-bcbntrrytmmdgpgbmufiukgslqyq/Build/Products/Debug -iframework /Applications/Xcode.app/Contents/Developer/Platforms/MacOSX.platform/Developer/Library/Frameworks -filelist /Users/brettwork/Library/Developer/Xcode/DerivedData/scrobble-bcbntrrytmmdgpgbmufiukgslqyq/Build/Intermediates.noindex/MediaRemoteAdapter.build/Debug/MediaRemoteAdapter\ product.build/Objects-normal/arm64/MediaRemoteAdapter.LinkFileList -install_name @rpath/MediaRemoteAdapter.framework/Versions/A/MediaRemoteAdapter -Xlinker -rpath -Xlinker /usr/lib/swift -Xlinker -rpath -Xlinker /Users/brettwork/Library/Developer/Xcode/DerivedData/scrobble-bcbntrrytmmdgpgbmufiukgslqyq/Build/Products/Debug/PackageFrameworks -Xlinker -object_path_lto -Xlinker /Users/brettwork/Library/Developer/Xcode/DerivedData/scrobble-bcbntrrytmmdgpgbmufiukgslqyq/Build/Intermediates.noindex/MediaRemoteAdapter.build/Debug/MediaRemoteAdapter\ product.build/Objects-normal/arm64/MediaRemoteAdapter_lto.o -rdynamic -Xlinker -no_deduplicate -Xlinker -dependency_info -Xlinker /Users/brettwork/Library/Developer/Xcode/DerivedData/scrobble-bcbntrrytmmdgpgbmufiukgslqyq/Build/Intermediates.noindex/MediaRemoteAdapter.build/Debug/MediaRemoteAdapter\ product.build/Objects-normal/arm64/MediaRemoteAdapter_dependency_info.dat -fobjc-link-runtime -L/Applications/Xcode.app/Contents/Developer/Toolchains/XcodeDefault.xctoolchain/usr/lib/swift/macosx -L/usr/lib/swift -Wl,-no_warn_duplicate_libraries -Wl,-no_warn_duplicate_libraries -framework Foundation -framework AppKit -o /Users/brettwork/Library/Developer/Xcode/DerivedData/scrobble-bcbntrrytmmdgpgbmufiukgslqyq/Build/Products/Debug/PackageFrameworks/MediaRemoteAdapter.framework/Versions/A/MediaRemoteAdapter -Xlinker -add_ast_path -Xlinker /Users/brettwork/Library/Developer/Xcode/DerivedData/scrobble-bcbntrrytmmdgpgbmufiukgslqyq/Build/Intermediates.noindex/MediaRemoteAdapter.build/Debug/MediaRemoteAdapter.build/Objects-normal/arm64/MediaRemoteAdapter.swiftmodule @/Users/brettwork/Library/Developer/Xcode/DerivedData/scrobble-bcbntrrytmmdgpgbmufiukgslqyq/Build/Intermediates.noindex/MediaRemoteAdapter.build/Debug/MediaRemoteAdapter.build/Objects-normal/arm64/MediaRemoteAdapter-linker-args.resp

Ld /Users/brettwork/Library/Developer/Xcode/DerivedData/scrobble-bcbntrrytmmdgpgbmufiukgslqyq/Build/Products/Debug/scrobble.app/Contents/MacOS/__preview.dylib normal (in target 'scrobble' from project 'scrobble')
    cd /Users/brettwork/Developer/xcode/scrobble
    /Applications/Xcode.app/Contents/Developer/Toolchains/XcodeDefault.xctoolchain/usr/bin/clang -Xlinker -reproducible -target arm64-apple-macos26.0 -dynamiclib -isysroot /Applications/Xcode.app/Contents/Developer/Platforms/MacOSX.platform/Developer/SDKs/MacOSX26.0.sdk -O0 -L/Users/brettwork/Library/Developer/Xcode/DerivedData/scrobble-bcbntrrytmmdgpgbmufiukgslqyq/Build/Products/Debug -F/Users/brettwork/Library/Developer/Xcode/DerivedData/scrobble-bcbntrrytmmdgpgbmufiukgslqyq/Build/Products/Debug/PackageFrameworks -F/Users/brettwork/Library/Developer/Xcode/DerivedData/scrobble-bcbntrrytmmdgpgbmufiukgslqyq/Build/Products/Debug/PackageFrameworks -F/Users/brettwork/Library/Developer/Xcode/DerivedData/scrobble-bcbntrrytmmdgpgbmufiukgslqyq/Build/Products/Debug -install_name @rpath/scrobble.debug.dylib -dead_strip -rdynamic -Xlinker -no_deduplicate -Xlinker -dependency_info -Xlinker /Users/brettwork/Library/Developer/Xcode/DerivedData/scrobble-bcbntrrytmmdgpgbmufiukgslqyq/Build/Intermediates.noindex/scrobble.build/Debug/scrobble.build/Objects-normal/arm64/scrobble_dependency_info.dat -Xlinker -no_adhoc_codesign -o /Users/brettwork/Library/Developer/Xcode/DerivedData/scrobble-bcbntrrytmmdgpgbmufiukgslqyq/Build/Products/Debug/scrobble.app/Contents/MacOS/__preview.dylib

SwiftGeneratePch normal arm64 Compiling\ bridging\ header (in target 'scrobble' from project 'scrobble')

SwiftDriverJobDiscovery normal arm64 Compiling bridging header (in target 'scrobble' from project 'scrobble')

SwiftEmitModule normal arm64 Emitting\ module\ for\ scrobble (in target 'scrobble' from project 'scrobble')

EmitSwiftModule normal arm64 (in target 'scrobble' from project 'scrobble')
    cd /Users/brettwork/Developer/xcode/scrobble
    

SwiftCompile normal arm64 Compiling\ scrobbleApp.swift /Users/brettwork/Developer/xcode/scrobble/scrobble/scrobbleApp.swift (in target 'scrobble' from project 'scrobble')
SwiftCompile normal arm64 /Users/brettwork/Developer/xcode/scrobble/scrobble/scrobbleApp.swift (in target 'scrobble' from project 'scrobble')
    cd /Users/brettwork/Developer/xcode/scrobble
    

SwiftCompile normal arm64 Compiling\ Scrobbler.swift,\ ScrobblingService.swift /Users/brettwork/Developer/xcode/scrobble/scrobble/Scrobbler.swift /Users/brettwork/Developer/xcode/scrobble/scrobble/ScrobblingService.swift (in target 'scrobble' from project 'scrobble')

SwiftCompile normal arm64 /Users/brettwork/Developer/xcode/scrobble/scrobble/Scrobbler.swift (in target 'scrobble' from project 'scrobble')
    cd /Users/brettwork/Developer/xcode/scrobble
    

SwiftCompile normal arm64 /Users/brettwork/Developer/xcode/scrobble/scrobble/ScrobblingService.swift (in target 'scrobble' from project 'scrobble')
    cd /Users/brettwork/Developer/xcode/scrobble
    

SwiftCompile normal arm64 Compiling\ FriendsViewModel.swift,\ ErrorMessageView.swift /Users/brettwork/Developer/xcode/scrobble/scrobble/FriendsViewModel.swift /Users/brettwork/Developer/xcode/scrobble/scrobble/ViewComponents/ErrorMessageView.swift (in target 'scrobble' from project 'scrobble')
Failed frontend command:
/Applications/Xcode.app/Contents/Developer/Toolchains/XcodeDefault.xctoolchain/usr/bin/swift-frontend -frontend -c -primary-file /Users/brettwork/Developer/xcode/scrobble/scrobble/FriendsViewModel.swift /Users/brettwork/Developer/xcode/scrobble/scrobble/AuthState.swift -primary-file /Users/brettwork/Developer/xcode/scrobble/scrobble/ViewComponents/ErrorMessageView.swift /Users/brettwork/Developer/xcode/scrobble/scrobble/Windows/AuthWindow.swift /Users/brettwork/Developer/xcode/scrobble/scrobble/AppState.swift /Users/brettwork/Developer/xcode/scrobble/scrobble/SupportedMusicApp.swift /Users/brettwork/Developer/xcode/scrobble/scrobble/ContentView.swift /Users/brettwork/Developer/xcode/scrobble/scrobble/NowPlayingTestFetcher.swift /Users/brettwork/Developer/xcode/scrobble/scrobble/MainView.swift /Users/brettwork/Developer/xcode/scrobble/scrobble/AppSelectionView.swift /Users/brettwork/Developer/xcode/scrobble/scrobble/LastFmManagerDesktop.swift /Users/brettwork/Developer/xcode/scrobble/scrobble/FriendsView.swift /Users/brettwork/Developer/xcode/scrobble/scrobble/CustomScrobblingService.swift /Users/brettwork/Developer/xcode/scrobble/scrobble/LastFmManager.swift /Users/brettwork/Developer/xcode/scrobble/scrobble/PreferencesManager.swift /Users/brettwork/Developer/xcode/scrobble/scrobble/LastFMAuthSheetView.swift /Users/brettwork/Developer/xcode/scrobble/scrobble/LastFmWebAuthView.swift /Users/brettwork/Developer/xcode/scrobble/scrobble/BlueskyOAuthManager.swift /Users/brettwork/Developer/xcode/scrobble/scrobble/AuthView.swift /Users/brettwork/Developer/xcode/scrobble/scrobble/PreferencesView.swift /Users/brettwork/Developer/xcode/scrobble/scrobble/Scrobbler.swift /Users/brettwork/Developer/xcode/scrobble/scrobble/ScrobblingService.swift /Users/brettwork/Developer/xcode/scrobble/scrobble/scrobbleApp.swift /Users/brettwork/Library/Developer/Xcode/DerivedData/scrobble-bcbntrrytmmdgpgbmufiukgslqyq/Build/Intermediates.noindex/scrobble.build/Debug/scrobble.build/DerivedSources/GeneratedAssetSymbols.swift -emit-dependencies-path /Users/brettwork/Library/Developer/Xcode/DerivedData/scrobble-bcbntrrytmmdgpgbmufiukgslqyq/Build/Intermediates.noindex/scrobble.build/Debug/scrobble.build/Objects-normal/arm64/FriendsViewModel.d -emit-const-values-path /Users/brettwork/Library/Developer/Xcode/DerivedData/scrobble-bcbntrrytmmdgpgbmufiukgslqyq/Build/Intermediates.noindex/scrobble.build/Debug/scrobble.build/Objects-normal/arm64/FriendsViewModel.swiftconstvalues -emit-reference-dependencies-path /Users/brettwork/Library/Developer/Xcode/DerivedData/scrobble-bcbntrrytmmdgpgbmufiukgslqyq/Build/Intermediates.noindex/scrobble.build/Debug/scrobble.build/Objects-normal/arm64/FriendsViewModel.swiftdeps -serialize-diagnostics-path /Users/brettwork/Library/Developer/Xcode/DerivedData/scrobble-bcbntrrytmmdgpgbmufiukgslqyq/Build/Intermediates.noindex/scrobble.build/Debug/scrobble.build/Objects-normal/arm64/FriendsViewModel.dia -emit-dependencies-path /Users/brettwork/Library/Developer/Xcode/DerivedData/scrobble-bcbntrrytmmdgpgbmufiukgslqyq/Build/Intermediates.noindex/scrobble.build/Debug/scrobble.build/Objects-normal/arm64/ErrorMessageView.d -emit-const-values-path /Users/brettwork/Library/Developer/Xcode/DerivedData/scrobble-bcbntrrytmmdgpgbmufiukgslqyq/Build/Intermediates.noindex/scrobble.build/Debug/scrobble.build/Objects-normal/arm64/ErrorMessageView.swiftconstvalues -emit-reference-dependencies-path /Users/brettwork/Library/Developer/Xcode/DerivedData/scrobble-bcbntrrytmmdgpgbmufiukgslqyq/Build/Intermediates.noindex/scrobble.build/Debug/scrobble.build/Objects-normal/arm64/ErrorMessageView.swiftdeps -serialize-diagnostics-path /Users/brettwork/Library/Developer/Xcode/DerivedData/scrobble-bcbntrrytmmdgpgbmufiukgslqyq/Build/Intermediates.noindex/scrobble.build/Debug/scrobble.build/Objects-normal/arm64/ErrorMessageView.dia -emit-localized-strings -emit-localized-strings-path /Users/brettwork/Library/Developer/Xcode/DerivedData/scrobble-bcbntrrytmmdgpgbmufiukgslqyq/Build/Intermediates.noindex/scrobble.build/Debug/scrobble.build/Objects-normal/arm64 -target arm64-apple-macos26.0 -module-can-import-version AppKit 2685.10.108 2685.10.108 -module-can-import-version DeveloperToolsSupport 23.0.4 23.0.4 -module-can-import-version SwiftUI 7.0.84.1 7.0.84 -disable-cross-import-overlay-search -swift-module-cross-import MusicKit /Applications/Xcode.app/Contents/Developer/Platforms/MacOSX.platform/Developer/SDKs/MacOSX26.0.sdk/System/Library/Frameworks/MusicKit.framework/Modules/MusicKit.swiftcrossimport/SwiftUI.swiftoverlay -swift-module-cross-import WebKit /Applications/Xcode.app/Contents/Developer/Platforms/MacOSX.platform/Developer/SDKs/MacOSX.sdk/System/Cryptexes/OS/System/Library/Frameworks/WebKit.framework/Modules/WebKit.swiftcrossimport/SwiftUI.swiftoverlay -swift-module-cross-import WebKit /Applications/Xcode.app/Contents/Developer/Platforms/MacOSX.platform/Developer/SDKs/MacOSX26.0.sdk/System/Library/Frameworks/WebKit.framework/Modules/WebKit.swiftcrossimport/SwiftUI.swiftoverlay -load-resolved-plugin /Applications/Xcode.app/Contents/Developer/Platforms/MacOSX.platform/Developer/usr/lib/swift/host/plugins/libFoundationMacros.dylib\#/Applications/Xcode.app/Contents/Developer/Platforms/MacOSX.platform/Developer/usr/bin/swift-plugin-server\#FoundationMacros -load-resolved-plugin /Applications/Xcode.app/Contents/Developer/Platforms/MacOSX.platform/Developer/usr/lib/swift/host/plugins/libObservationMacros.dylib\#/Applications/Xcode.app/Contents/Developer/Platforms/MacOSX.platform/Developer/usr/bin/swift-plugin-server\#ObservationMacros -load-resolved-plugin /Applications/Xcode.app/Contents/Developer/Platforms/MacOSX.platform/Developer/usr/lib/swift/host/plugins/libPreviewsMacros.dylib\#/Applications/Xcode.app/Contents/Developer/Platforms/MacOSX.platform/Developer/usr/bin/swift-plugin-server\#PreviewsMacros -load-resolved-plugin /Applications/Xcode.app/Contents/Developer/Platforms/MacOSX.platform/Developer/usr/lib/swift/host/plugins/libSwiftMacros.dylib\#/Applications/Xcode.app/Contents/Developer/Platforms/MacOSX.platform/Developer/usr/bin/swift-plugin-server\#SwiftMacros -load-resolved-plugin /Applications/Xcode.app/Contents/Developer/Platforms/MacOSX.platform/Developer/usr/lib/swift/host/plugins/libSwiftUIMacros.dylib\#/Applications/Xcode.app/Contents/Developer/Platforms/MacOSX.platform/Developer/usr/bin/swift-plugin-server\#SwiftUIMacros -disable-implicit-swift-modules -Xcc -fno-implicit-modules -Xcc -fno-implicit-module-maps -explicit-swift-module-map-file /Users/brettwork/Library/Developer/Xcode/DerivedData/scrobble-bcbntrrytmmdgpgbmufiukgslqyq/Build/Intermediates.noindex/scrobble.build/Debug/scrobble.build/Objects-normal/arm64/scrobble-dependencies-1.json -Xllvm -aarch64-use-tbi -enable-objc-interop -stack-check -sdk /Applications/Xcode.app/Contents/Developer/Platforms/MacOSX.platform/Developer/SDKs/MacOSX26.0.sdk -I /Users/brettwork/Library/Developer/Xcode/DerivedData/scrobble-bcbntrrytmmdgpgbmufiukgslqyq/Build/Products/Debug -F /Users/brettwork/Library/Developer/Xcode/DerivedData/scrobble-bcbntrrytmmdgpgbmufiukgslqyq/Build/Products/Debug/PackageFrameworks -F /Users/brettwork/Library/Developer/Xcode/DerivedData/scrobble-bcbntrrytmmdgpgbmufiukgslqyq/Build/Products/Debug/PackageFrameworks -F /Users/brettwork/Library/Developer/Xcode/DerivedData/scrobble-bcbntrrytmmdgpgbmufiukgslqyq/Build/Products/Debug -no-color-diagnostics -Xcc -fno-color-diagnostics -enable-testing -g -debug-info-format\=dwarf -dwarf-version\=5 -module-cache-path /Users/brettwork/Library/Developer/Xcode/DerivedData/scrobble-bcbntrrytmmdgpgbmufiukgslqyq/Build/Intermediates.noindex/SwiftExplicitPrecompiledModules -swift-version 5 -enforce-exclusivity\=checked -Onone -D DEBUG -serialize-debugging-options -const-gather-protocols-file /Users/brettwork/Library/Developer/Xcode/DerivedData/scrobble-bcbntrrytmmdgpgbmufiukgslqyq/Build/Intermediates.noindex/scrobble.build/Debug/scrobble.build/Objects-normal/arm64/scrobble_const_extract_protocols.json -enable-experimental-feature DebugDescriptionMacro -enable-bare-slash-regex -empty-abi-descriptor -validate-clang-modules-once -clang-build-session-file /Users/brettwork/Library/Developer/Xcode/DerivedData/ModuleCache.noindex/Session.modulevalidation -Xcc -working-directory -Xcc /Users/brettwork/Developer/xcode/scrobble -enable-anonymous-context-mangled-names -file-compilation-dir /Users/brettwork/Developer/xcode/scrobble -Xcc -fmodule-map-file\=/Users/brettwork/Library/Developer/Xcode/DerivedData/scrobble-bcbntrrytmmdgpgbmufiukgslqyq/Build/Intermediates.noindex/GeneratedModuleMaps/CIMediaRemote.modulemap -Xcc -D_LIBCPP_HARDENING_MODE\=_LIBCPP_HARDENING_MODE_DEBUG -Xcc -ivfsstatcache -Xcc /Users/brettwork/Library/Developer/Xcode/DerivedData/SDKStatCaches.noindex/macosx26.0-25A352-3885c01c3e6b6a337905948deab2002e28806144b0707e398aac92880fa50324.sdkstatcache -Xcc -I/Users/brettwork/Library/Developer/Xcode/DerivedData/scrobble-bcbntrrytmmdgpgbmufiukgslqyq/Build/Intermediates.noindex/scrobble.build/Debug/scrobble.build/swift-overrides.hmap -Xcc -iquote -Xcc /Users/brettwork/Library/Developer/Xcode/DerivedData/scrobble-bcbntrrytmmdgpgbmufiukgslqyq/Build/Intermediates.noindex/scrobble.build/Debug/scrobble.build/scrobble-generated-files.hmap -Xcc -I/Users/brettwork/Library/Developer/Xcode/DerivedData/scrobble-bcbntrrytmmdgpgbmufiukgslqyq/Build/Intermediates.noindex/scrobble.build/Debug/scrobble.build/scrobble-own-target-headers.hmap -Xcc -I/Users/brettwork/Library/Developer/Xcode/DerivedData/scrobble-bcbntrrytmmdgpgbmufiukgslqyq/Build/Intermediates.noindex/scrobble.build/Debug/scrobble.build/scrobble-all-non-framework-target-headers.hmap -Xcc -ivfsoverlay -Xcc /Users/brettwork/Library/Developer/Xcode/DerivedData/scrobble-bcbntrrytmmdgpgbmufiukgslqyq/Build/Intermediates.noindex/scrobble.build/Debug/scrobble-1d4b95fa5a270c7d04268178ca717018-VFS/all-product-headers.yaml -Xcc -iquote -Xcc /Users/brettwork/Library/Developer/Xcode/DerivedData/scrobble-bcbntrrytmmdgpgbmufiukgslqyq/Build/Intermediates.noindex/scrobble.build/Debug/scrobble.build/scrobble-project-headers.hmap -Xcc -I/Users/brettwork/Library/Developer/Xcode/DerivedData/scrobble-bcbntrrytmmdgpgbmufiukgslqyq/SourcePackages/checkouts/mediaremote-adapter/Sources/CIMediaRemote/include -Xcc -I/Users/brettwork/Library/Developer/Xcode/DerivedData/scrobble-bcbntrrytmmdgpgbmufiukgslqyq/Build/Products/Debug/include -Xcc -I/Users/brettwork/Library/Developer/Xcode/DerivedData/scrobble-bcbntrrytmmdgpgbmufiukgslqyq/Build/Intermediates.noindex/scrobble.build/Debug/scrobble.build/DerivedSources-normal/arm64 -Xcc -I/Users/brettwork/Library/Developer/Xcode/DerivedData/scrobble-bcbntrrytmmdgpgbmufiukgslqyq/Build/Intermediates.noindex/scrobble.build/Debug/scrobble.build/DerivedSources/arm64 -Xcc -I/Users/brettwork/Library/Developer/Xcode/DerivedData/scrobble-bcbntrrytmmdgpgbmufiukgslqyq/Build/Intermediates.noindex/scrobble.build/Debug/scrobble.build/DerivedSources -Xcc -DDEBUG\=1 -import-objc-header /Users/brettwork/Library/Developer/Xcode/DerivedData/scrobble-bcbntrrytmmdgpgbmufiukgslqyq/Build/Intermediates.noindex/scrobble.build/Debug/scrobble.build/Objects-normal/arm64/scrobble-primary-Bridging-header.pch -no-auto-bridging-header-chaining -module-name scrobble -frontend-parseable-output -disable-clang-spi -target-sdk-version 26.0 -target-sdk-name macosx26.0 -clang-target arm64-apple-macos26.0 -in-process-plugin-server-path /Applications/Xcode.app/Contents/Developer/Toolchains/XcodeDefault.xctoolchain/usr/lib/swift/host/libSwiftInProcPluginServer.dylib -o /Users/brettwork/Library/Developer/Xcode/DerivedData/scrobble-bcbntrrytmmdgpgbmufiukgslqyq/Build/Intermediates.noindex/scrobble.build/Debug/scrobble.build/Objects-normal/arm64/FriendsViewModel.o -o /Users/brettwork/Library/Developer/Xcode/DerivedData/scrobble-bcbntrrytmmdgpgbmufiukgslqyq/Build/Intermediates.noindex/scrobble.build/Debug/scrobble.build/Objects-normal/arm64/ErrorMessageView.o -index-unit-output-path /scrobble.build/Debug/scrobble.build/Objects-normal/arm64/FriendsViewModel.o -index-unit-output-path /scrobble.build/Debug/scrobble.build/Objects-normal/arm64/ErrorMessageView.o -index-store-path /Users/brettwork/Library/Developer/Xcode/DerivedData/scrobble-bcbntrrytmmdgpgbmufiukgslqyq/Index.noindex/DataStore -index-system-modules

SwiftCompile normal arm64 /Users/brettwork/Developer/xcode/scrobble/scrobble/FriendsViewModel.swift (in target 'scrobble' from project 'scrobble')
    cd /Users/brettwork/Developer/xcode/scrobble
    
/Users/brettwork/Developer/xcode/scrobble/scrobble/FriendsViewModel.swift:13:30: error: cannot find type 'Friend' in scope
    @Published var friends: [Friend] = []
                             ^~~~~~
/Users/brettwork/Developer/xcode/scrobble/scrobble/FriendsViewModel.swift:14:44: error: cannot find type 'RecentTracksResponse' in scope
    @Published var friendTracks: [String: [RecentTracksResponse.RecentTracks.Track]] = [:]
                                           ^~~~~~~~~~~~~~~~~~~~
/Users/brettwork/Developer/xcode/scrobble/scrobble/FriendsViewModel.swift:18:32: error: cannot find type 'LastFmManagerType' in scope
    private var lastFmManager: LastFmManagerType
                               ^~~~~~~~~~~~~~~~~
/Users/brettwork/Developer/xcode/scrobble/scrobble/FriendsViewModel.swift:21:25: error: cannot find type 'LastFmManagerType' in scope
    init(lastFmManager: LastFmManagerType) {
                        ^~~~~~~~~~~~~~~~~
/Users/brettwork/Developer/xcode/scrobble/scrobble/FriendsViewModel.swift:63:41: error: cannot find type 'LastFmManagerType' in scope
    func updateLastFmManager(_ manager: LastFmManagerType) {
                                        ^~~~~~~~~~~~~~~~~
/Users/brettwork/Developer/xcode/scrobble/scrobble/FriendsViewModel.swift:32:52: error: cannot infer type of closure parameter 'completion' without a type annotation
            .sink(receiveCompletion: { [weak self] completion in
                                                   ^
/Users/brettwork/Developer/xcode/scrobble/scrobble/FriendsViewModel.swift:37:44: error: cannot infer type of closure parameter 'friends' without a type annotation
            }, receiveValue: { [weak self] friends in
                                           ^
/Users/brettwork/Developer/xcode/scrobble/scrobble/FriendsViewModel.swift:48:56: error: cannot infer type of closure parameter 'completion' without a type annotation
                .sink(receiveCompletion: { [weak self] completion in
                                                       ^
/Users/brettwork/Developer/xcode/scrobble/scrobble/FriendsViewModel.swift:52:48: error: cannot infer type of closure parameter 'tracks' without a type annotation
                }, receiveValue: { [weak self] tracks in
                                               ^

SwiftCompile normal arm64 /Users/brettwork/Developer/xcode/scrobble/scrobble/ViewComponents/ErrorMessageView.swift (in target 'scrobble' from project 'scrobble')
    cd /Users/brettwork/Developer/xcode/scrobble
    
/Users/brettwork/Developer/xcode/scrobble/scrobble/Scrobbler.swift:70:25: error: cannot find type 'LastFmManagerType' in scope
    init(lastFmManager: LastFmManagerType, preferencesManager: PreferencesManager? = nil) {
                        ^~~~~~~~~~~~~~~~~
/Users/brettwork/Developer/xcode/scrobble/scrobble/Scrobbler.swift:38:24: error: cannot find type 'LastFmManagerType' in scope
    let lastFmManager: LastFmManagerType
                       ^~~~~~~~~~~~~~~~~
/Users/brettwork/Developer/xcode/scrobble/scrobble/FriendsView.swift:14:25: error: cannot find type 'LastFmManagerType' in scope
    init(lastFmManager: LastFmManagerType) {
                        ^~~~~~~~~~~~~~~~~

SwiftCompile normal arm64 Compiling\ AppState.swift,\ SupportedMusicApp.swift /Users/brettwork/Developer/xcode/scrobble/scrobble/AppState.swift /Users/brettwork/Developer/xcode/scrobble/scrobble/SupportedMusicApp.swift (in target 'scrobble' from project 'scrobble')
SwiftCompile normal arm64 /Users/brettwork/Developer/xcode/scrobble/scrobble/AppState.swift (in target 'scrobble' from project 'scrobble')
    cd /Users/brettwork/Developer/xcode/scrobble
    

SwiftCompile normal arm64 /Users/brettwork/Developer/xcode/scrobble/scrobble/SupportedMusicApp.swift (in target 'scrobble' from project 'scrobble')
    cd /Users/brettwork/Developer/xcode/scrobble
    

SwiftCompile normal arm64 Compiling\ ContentView.swift,\ NowPlayingTestFetcher.swift /Users/brettwork/Developer/xcode/scrobble/scrobble/ContentView.swift /Users/brettwork/Developer/xcode/scrobble/scrobble/NowPlayingTestFetcher.swift (in target 'scrobble' from project 'scrobble')

SwiftCompile normal arm64 /Users/brettwork/Developer/xcode/scrobble/scrobble/ContentView.swift (in target 'scrobble' from project 'scrobble')
    cd /Users/brettwork/Developer/xcode/scrobble
    

SwiftCompile normal arm64 /Users/brettwork/Developer/xcode/scrobble/scrobble/NowPlayingTestFetcher.swift (in target 'scrobble' from project 'scrobble')
    cd /Users/brettwork/Developer/xcode/scrobble
    

SwiftCompile normal arm64 Compiling\ MainView.swift,\ AppSelectionView.swift /Users/brettwork/Developer/xcode/scrobble/scrobble/MainView.swift /Users/brettwork/Developer/xcode/scrobble/scrobble/AppSelectionView.swift (in target 'scrobble' from project 'scrobble')

SwiftCompile normal arm64 /Users/brettwork/Developer/xcode/scrobble/scrobble/MainView.swift (in target 'scrobble' from project 'scrobble')
    cd /Users/brettwork/Developer/xcode/scrobble
    

SwiftCompile normal arm64 /Users/brettwork/Developer/xcode/scrobble/scrobble/AppSelectionView.swift (in target 'scrobble' from project 'scrobble')
    cd /Users/brettwork/Developer/xcode/scrobble
    

SwiftCompile normal arm64 Compiling\ BlueskyOAuthManager.swift,\ PreferencesView.swift /Users/brettwork/Developer/xcode/scrobble/scrobble/BlueskyOAuthManager.swift /Users/brettwork/Developer/xcode/scrobble/scrobble/PreferencesView.swift (in target 'scrobble' from project 'scrobble')
SwiftCompile normal arm64 /Users/brettwork/Developer/xcode/scrobble/scrobble/BlueskyOAuthManager.swift (in target 'scrobble' from project 'scrobble')
    cd /Users/brettwork/Developer/xcode/scrobble
    

SwiftCompile normal arm64 /Users/brettwork/Developer/xcode/scrobble/scrobble/PreferencesView.swift (in target 'scrobble' from project 'scrobble')
    cd /Users/brettwork/Developer/xcode/scrobble
    

SwiftCompile normal arm64 Compiling\ LastFMAuthSheetView.swift,\ LastFmWebAuthView.swift /Users/brettwork/Developer/xcode/scrobble/scrobble/LastFMAuthSheetView.swift /Users/brettwork/Developer/xcode/scrobble/scrobble/LastFmWebAuthView.swift (in target 'scrobble' from project 'scrobble')

SwiftCompile normal arm64 /Users/brettwork/Developer/xcode/scrobble/scrobble/LastFMAuthSheetView.swift (in target 'scrobble' from project 'scrobble')
    cd /Users/brettwork/Developer/xcode/scrobble
    

SwiftCompile normal arm64 /Users/brettwork/Developer/xcode/scrobble/scrobble/LastFmWebAuthView.swift (in target 'scrobble' from project 'scrobble')
    cd /Users/brettwork/Developer/xcode/scrobble
    

SwiftCompile normal arm64 Compiling\ CustomScrobblingService.swift,\ PreferencesManager.swift /Users/brettwork/Developer/xcode/scrobble/scrobble/CustomScrobblingService.swift /Users/brettwork/Developer/xcode/scrobble/scrobble/PreferencesManager.swift (in target 'scrobble' from project 'scrobble')

SwiftCompile normal arm64 /Users/brettwork/Developer/xcode/scrobble/scrobble/CustomScrobblingService.swift (in target 'scrobble' from project 'scrobble')
    cd /Users/brettwork/Developer/xcode/scrobble
    

SwiftCompile normal arm64 /Users/brettwork/Developer/xcode/scrobble/scrobble/PreferencesManager.swift (in target 'scrobble' from project 'scrobble')
    cd /Users/brettwork/Developer/xcode/scrobble
    

SwiftCompile normal arm64 Compiling\ LastFmManagerDesktop.swift,\ FriendsView.swift /Users/brettwork/Developer/xcode/scrobble/scrobble/LastFmManagerDesktop.swift /Users/brettwork/Developer/xcode/scrobble/scrobble/FriendsView.swift (in target 'scrobble' from project 'scrobble')

** BUILD FAILED **


The following build commands failed:
	SwiftCompile normal arm64 Compiling\ FriendsViewModel.swift,\ ErrorMessageView.swift /Users/brettwork/Developer/xcode/scrobble/scrobble/FriendsViewModel.swift /Users/brettwork/Developer/xcode/scrobble/scrobble/ViewComponents/ErrorMessageView.swift (in target 'scrobble' from project 'scrobble')
	SwiftCompile normal arm64 /Users/brettwork/Developer/xcode/scrobble/scrobble/FriendsViewModel.swift (in target 'scrobble' from project 'scrobble')
	SwiftCompile normal arm64 /Users/brettwork/Developer/xcode/scrobble/scrobble/ViewComponents/ErrorMessageView.swift (in target 'scrobble' from project 'scrobble')
	Building project scrobble with scheme scrobble
(4 failures)
